INFO: 2015-12-28T15:57:36Z
  Adding connection to http://localhost:9200/

DEBUG: 2015-12-28T15:57:36Z
  starting request { method: 'DELETE', path: '/_all', query: {} }
  

TRACE: 2015-12-28T15:57:36Z
  -> DELETE http://localhost:9200/_all
  
  <- 200
  {
    "acknowledged": true
  }

DEBUG: 2015-12-28T15:57:36Z
  Request complete

DEBUG: 2015-12-28T15:57:36Z
  starting request { method: 'POST',
    path: '/uploadedfiles/file/1',
    body: 
     { name: 'abc1451317100242.txt',
       text: 'Hallo, dies ist der Text! ' },
    query: {} }
  

DEBUG: 2015-12-28T15:57:37Z
  starting request { method: 'POST',
    path: '/uploadedfiles/file/2',
    body: 
     { name: 'Demo1451317100250.txt',
       text: 'Hallo dies ist ein Text ' },
    query: {} }
  

DEBUG: 2015-12-28T15:57:37Z
  starting request { method: 'POST',
    path: '/uploadedfiles/file/3',
    body: { name: 'DemoXML1451317100251.xml', text: ' abc xyz ' },
    query: {} }
  

DEBUG: 2015-12-28T15:57:37Z
  starting request { method: 'POST',
    path: '/uploadedfiles/file/4',
    body: 
     { name: 'Bewerbung1451317100244.pdf',
       text: 'Manuel\'Lang\' Streitelsfinger\'Straße\'65\'\' 88131\'Lindau\' mobil:\'+1\'240\'630\'9473\' EBmail:\'manuellang183@gmail.com\' \' Motivationsschreiben\'für\'das\'Mittelstandsstipendium\' \' Sehr\'geehrte\'Damen\'und\'Herren,\' \' auf\'das\'Mittelstandsstipendium\'bin\'ich\'über\'die\'Ausschreibung\'der\'Hochschule\' Mannheim\'aufmerksam\'geworden.\'Besonders\'interessiert\'mich\'die\' Kooperation\'mit\'lokalen\'InformatikBFirmen,\'da\'ich\'selbst\'mit\'Begeisterung\' Informatik\'studiere.\'\' An\'meinem\'Studium\'fasziniert\'mich,\'dass\'die\'Informatik\'sehr\'vielseitig\'ist\'und\' bei\'jeglicher\'Art\'von\'Technologie\'benötigt\'wird.\'Während\'meines\'Studiums\' konnte\'ich\'schon\'an\'drei\'großen\'Projekten\'arbeiten,\'wobei\'mich\'fasziniert\'hat,\' dass\'man\'mit\'den\'Aufgaben\'enormes\'Wissen\'gewinnt,\'dieses\'auf\'andere\' Projekte\'übertragen\'kann\'und\'dann\'wieder\'viel\'neues\'lernt.\' Bei\'den\'Projektgebern\'handelt\'es\'sich\'um\'mittelständische\'Unternehmen.\'Zum\' einen\'das\'Fraunhofer\'Center\'For\'Experimental\'Software\'Engineering\'in\' Maryland,\'USA\'und\'zum\'anderen\'OIO\'(Orientation\'in\'Objects)\'in\'Mannheim.\'\' Beim\'Fraunhofer\'konnte\'ich\'ein\'sehr\'angenehmes\'Arbeitsklima\'genießen,\'was\' dadurch\'bedingt\'war,\'dass\'etwa\'30\'Mitarbeiter\'stets\'miteinander\'Mittagspause\' machten\'oder\'gemeinsame\'Ausflüge\'unternahmen.\'So\'kannten\'sich\'auch\'alle\' Mitarbeiter\'sehr\'gut\'und\'pflegten\'einen\'freundlichen\'Umgang.\'Dies\'ist\'in\' meinen\'Augen\'einer\'der\'wichtigsten\'Vorteile\'eines\'mittelständischen\' Unternehmens.\' Neben\'dem\'Studium\'/\'der\'Arbeit\'gebe\'ich\'einigen\'Freunden,\'die\'auch\'an\'der\' Hochschule\'Mannheim\'studieren\'gerne\'Nachhilfe\'in\'Informatik,\'Mathematik\' und\'Physik.\'Nebenher\'mache\'ich\'leidenschaftlich\'Sport.\'Im\'Winter\'gehe\'ich\' sehr\'gerne\'in\'die\'Alpen\'zum\'Ski\'fahren.\'Im\'Sommer\'trifft\'man\'mich\'dann\' meistens\'auf\'dem\'Fußballplatz\'an.\'Bis\'vor\'wenigen\'Jahren\'habe\'ich\'auch\' Handball\'und\'Eishockey\'gespielt,\'musste\'dies\'allerdings\'wegen\'einer\' schwerwiegenden\'Verletzung\'aufgeben.\'\' \' \' Nach\'meinem\'BachelorBStudium\'strebe\'ich\'ein\'MasterBStudium\'an.\' Anschließend\'möchte\'ich\'auf\'jeden\'Fall\'Software\'entwickeln,\'da\'es\'für\'mich\' eines\'der\'schönsten\'Dinge,\'wenn\'man\'sieht,\'wie\'etwas,\'das\'man\'selbst\' entwickelt\'hat,\'von\'anderen\'benutzt\'wird.\'Dies\'motiviert\'mich\'auch\'bei\' meinem\'aktuellen\'Projekt\'im\'Gegensatz\'zur\'typischen\'Softwareentwicklung\'an\' der\'Hochschule,\'wobei\'man\'Software\'entwickelt\'und\'diese\'dann\'niemals\' verwendet\'wird.\'Weiter\'ins\'Detail\'habe\'ich\'noch\'nicht\'geplant,\'konnte\'mich\' allerdings\'sehr\'mit\'experimenteller\'Softwareentwicklung\'im\'Forschungsbereich\' anfreunden.\'Ich\'bin\'überzeugt,\'dass\'das\'Mittelstandsstipendium\'mich\'bestens\' unterstützen\'kann,\'meine\'Ziele\'zu\'erreichen.\'\' Ich\'würde\'mich\'freuen,\'mich\'Ihnen\'in\'einem\'persönlichen\'Gespräch\'näher\' vorstellen\'zu\'können.\'\' Viele\'Grüße\'\' Manuel\'Lang\' !' },
    query: {} }
  

DEBUG: 2015-12-28T15:57:37Z
  starting request { method: 'POST',
    path: '/uploadedfiles/file/5',
    body: 
     { name: 'CAP_Beispiel1451317100246.docx',
       text: 'Das CAP-Theorem im Vergleich zwischen RDBMS und NoSQL-Datenbanken RDBS: Relationale Datenbank Management Systeme sind relationale Datenbanksysteme, die auf einem relationalen Datenmodell beruhen. Beispiele hierfür sind MySQL, PostgreSQL oder Microsoft SQL Server. Diese beruhen auf den ACID(Atomicity, Consistency, Isolation, Durability)-Eigenschaften. Demnach ist der Punkt C des CAP Theorems hier der wichtigste. Die Verfügbarkeit und die Ausfalltoleranz werden durch sehr hochwertige und leistungsstarke Hardware versucht zu erreichen. NoSQL Datenbanken beruhen auf dem BASE (Basically Available, Soft State, Eventually Consistent)-Prinzip. Somit steht hier die Konsistenz (C) im Hintergrund. Wenn man dies nun mit dem Dreieck des CAP Theorems darstellt erhält man folgendes Ergebnis: Wir man hier erkennt lässt sich ein RDBS als CP oder CA einordnen, wobei jede NoSQL-Datenbank mit dem PA-Prinzip funktioniert. Wie in der Definition dieses Theorems (vgl. 3.3.1) bereits erwähnt wurde, sieht man hier unterschiedliche Auslegungen des Kompromisses zwischen Konsistenz und Verfügbarkeit. Was diese verschiedenen Festlegungen für Auswirkungen haben wird im Folgenden erläutert. ' },
    query: {} }
  

TRACE: 2015-12-28T15:57:37Z
  -> POST http://localhost:9200/uploadedfiles/file/4
  {
    "name": "Bewerbung1451317100244.pdf",
    "text": "Manuel\u0027Lang\u0027 Streitelsfinger\u0027Straße\u002765\u0027\u0027 88131\u0027Lindau\u0027 mobil:\u0027+1\u0027240\u0027630\u00279473\u0027 EBmail:\u0027manuellang183@gmail.com\u0027 \u0027 Motivationsschreiben\u0027für\u0027das\u0027Mittelstandsstipendium\u0027 \u0027 Sehr\u0027geehrte\u0027Damen\u0027und\u0027Herren,\u0027 \u0027 auf\u0027das\u0027Mittelstandsstipendium\u0027bin\u0027ich\u0027über\u0027die\u0027Ausschreibung\u0027der\u0027Hochschule\u0027 Mannheim\u0027aufmerksam\u0027geworden.\u0027Besonders\u0027interessiert\u0027mich\u0027die\u0027 Kooperation\u0027mit\u0027lokalen\u0027InformatikBFirmen,\u0027da\u0027ich\u0027selbst\u0027mit\u0027Begeisterung\u0027 Informatik\u0027studiere.\u0027\u0027 An\u0027meinem\u0027Studium\u0027fasziniert\u0027mich,\u0027dass\u0027die\u0027Informatik\u0027sehr\u0027vielseitig\u0027ist\u0027und\u0027 bei\u0027jeglicher\u0027Art\u0027von\u0027Technologie\u0027benötigt\u0027wird.\u0027Während\u0027meines\u0027Studiums\u0027 konnte\u0027ich\u0027schon\u0027an\u0027drei\u0027großen\u0027Projekten\u0027arbeiten,\u0027wobei\u0027mich\u0027fasziniert\u0027hat,\u0027 dass\u0027man\u0027mit\u0027den\u0027Aufgaben\u0027enormes\u0027Wissen\u0027gewinnt,\u0027dieses\u0027auf\u0027andere\u0027 Projekte\u0027übertragen\u0027kann\u0027und\u0027dann\u0027wieder\u0027viel\u0027neues\u0027lernt.\u0027 Bei\u0027den\u0027Projektgebern\u0027handelt\u0027es\u0027sich\u0027um\u0027mittelständische\u0027Unternehmen.\u0027Zum\u0027 einen\u0027das\u0027Fraunhofer\u0027Center\u0027For\u0027Experimental\u0027Software\u0027Engineering\u0027in\u0027 Maryland,\u0027USA\u0027und\u0027zum\u0027anderen\u0027OIO\u0027(Orientation\u0027in\u0027Objects)\u0027in\u0027Mannheim.\u0027\u0027 Beim\u0027Fraunhofer\u0027konnte\u0027ich\u0027ein\u0027sehr\u0027angenehmes\u0027Arbeitsklima\u0027genießen,\u0027was\u0027 dadurch\u0027bedingt\u0027war,\u0027dass\u0027etwa\u002730\u0027Mitarbeiter\u0027stets\u0027miteinander\u0027Mittagspause\u0027 machten\u0027oder\u0027gemeinsame\u0027Ausflüge\u0027unternahmen.\u0027So\u0027kannten\u0027sich\u0027auch\u0027alle\u0027 Mitarbeiter\u0027sehr\u0027gut\u0027und\u0027pflegten\u0027einen\u0027freundlichen\u0027Umgang.\u0027Dies\u0027ist\u0027in\u0027 meinen\u0027Augen\u0027einer\u0027der\u0027wichtigsten\u0027Vorteile\u0027eines\u0027mittelständischen\u0027 Unternehmens.\u0027 Neben\u0027dem\u0027Studium\u0027/\u0027der\u0027Arbeit\u0027gebe\u0027ich\u0027einigen\u0027Freunden,\u0027die\u0027auch\u0027an\u0027der\u0027 Hochschule\u0027Mannheim\u0027studieren\u0027gerne\u0027Nachhilfe\u0027in\u0027Informatik,\u0027Mathematik\u0027 und\u0027Physik.\u0027Nebenher\u0027mache\u0027ich\u0027leidenschaftlich\u0027Sport.\u0027Im\u0027Winter\u0027gehe\u0027ich\u0027 sehr\u0027gerne\u0027in\u0027die\u0027Alpen\u0027zum\u0027Ski\u0027fahren.\u0027Im\u0027Sommer\u0027trifft\u0027man\u0027mich\u0027dann\u0027 meistens\u0027auf\u0027dem\u0027Fußballplatz\u0027an.\u0027Bis\u0027vor\u0027wenigen\u0027Jahren\u0027habe\u0027ich\u0027auch\u0027 Handball\u0027und\u0027Eishockey\u0027gespielt,\u0027musste\u0027dies\u0027allerdings\u0027wegen\u0027einer\u0027 schwerwiegenden\u0027Verletzung\u0027aufgeben.\u0027\u0027 \u0027 \u0027 Nach\u0027meinem\u0027BachelorBStudium\u0027strebe\u0027ich\u0027ein\u0027MasterBStudium\u0027an.\u0027 Anschließend\u0027möchte\u0027ich\u0027auf\u0027jeden\u0027Fall\u0027Software\u0027entwickeln,\u0027da\u0027es\u0027für\u0027mich\u0027 eines\u0027der\u0027schönsten\u0027Dinge,\u0027wenn\u0027man\u0027sieht,\u0027wie\u0027etwas,\u0027das\u0027man\u0027selbst\u0027 entwickelt\u0027hat,\u0027von\u0027anderen\u0027benutzt\u0027wird.\u0027Dies\u0027motiviert\u0027mich\u0027auch\u0027bei\u0027 meinem\u0027aktuellen\u0027Projekt\u0027im\u0027Gegensatz\u0027zur\u0027typischen\u0027Softwareentwicklung\u0027an\u0027 der\u0027Hochschule,\u0027wobei\u0027man\u0027Software\u0027entwickelt\u0027und\u0027diese\u0027dann\u0027niemals\u0027 verwendet\u0027wird.\u0027Weiter\u0027ins\u0027Detail\u0027habe\u0027ich\u0027noch\u0027nicht\u0027geplant,\u0027konnte\u0027mich\u0027 allerdings\u0027sehr\u0027mit\u0027experimenteller\u0027Softwareentwicklung\u0027im\u0027Forschungsbereich\u0027 anfreunden.\u0027Ich\u0027bin\u0027überzeugt,\u0027dass\u0027das\u0027Mittelstandsstipendium\u0027mich\u0027bestens\u0027 unterstützen\u0027kann,\u0027meine\u0027Ziele\u0027zu\u0027erreichen.\u0027\u0027 Ich\u0027würde\u0027mich\u0027freuen,\u0027mich\u0027Ihnen\u0027in\u0027einem\u0027persönlichen\u0027Gespräch\u0027näher\u0027 vorstellen\u0027zu\u0027können.\u0027\u0027 Viele\u0027Grüße\u0027\u0027 Manuel\u0027Lang\u0027 !"
  }
  <- 201
  {
    "_index": "uploadedfiles",
    "_type": "file",
    "_id": "4",
    "_version": 1,
    "_shards": {
      "total": 2,
      "successful": 1,
      "failed": 0
    },
    "created": true
  }

DEBUG: 2015-12-28T15:57:37Z
  Request complete

TRACE: 2015-12-28T15:57:37Z
  -> POST http://localhost:9200/uploadedfiles/file/2
  {
    "name": "Demo1451317100250.txt",
    "text": "Hallo dies ist ein Text "
  }
  <- 201
  {
    "_index": "uploadedfiles",
    "_type": "file",
    "_id": "2",
    "_version": 1,
    "_shards": {
      "total": 2,
      "successful": 1,
      "failed": 0
    },
    "created": true
  }

DEBUG: 2015-12-28T15:57:37Z
  Request complete

TRACE: 2015-12-28T15:57:37Z
  -> POST http://localhost:9200/uploadedfiles/file/3
  {
    "name": "DemoXML1451317100251.xml",
    "text": " abc xyz "
  }
  <- 201
  {
    "_index": "uploadedfiles",
    "_type": "file",
    "_id": "3",
    "_version": 1,
    "_shards": {
      "total": 2,
      "successful": 1,
      "failed": 0
    },
    "created": true
  }

DEBUG: 2015-12-28T15:57:37Z
  Request complete

TRACE: 2015-12-28T15:57:37Z
  -> POST http://localhost:9200/uploadedfiles/file/1
  {
    "name": "abc1451317100242.txt",
    "text": "Hallo, dies ist der Text! "
  }
  <- 201
  {
    "_index": "uploadedfiles",
    "_type": "file",
    "_id": "1",
    "_version": 1,
    "_shards": {
      "total": 2,
      "successful": 1,
      "failed": 0
    },
    "created": true
  }

DEBUG: 2015-12-28T15:57:37Z
  Request complete

TRACE: 2015-12-28T15:57:37Z
  -> POST http://localhost:9200/uploadedfiles/file/5
  {
    "name": "CAP_Beispiel1451317100246.docx",
    "text": "Das CAP-Theorem im Vergleich zwischen RDBMS und NoSQL-Datenbanken RDBS: Relationale Datenbank Management Systeme sind relationale Datenbanksysteme, die auf einem relationalen Datenmodell beruhen. Beispiele hierfür sind MySQL, PostgreSQL oder Microsoft SQL Server. Diese beruhen auf den ACID(Atomicity, Consistency, Isolation, Durability)-Eigenschaften. Demnach ist der Punkt C des CAP Theorems hier der wichtigste. Die Verfügbarkeit und die Ausfalltoleranz werden durch sehr hochwertige und leistungsstarke Hardware versucht zu erreichen. NoSQL Datenbanken beruhen auf dem BASE (Basically Available, Soft State, Eventually Consistent)-Prinzip. Somit steht hier die Konsistenz (C) im Hintergrund. Wenn man dies nun mit dem Dreieck des CAP Theorems darstellt erhält man folgendes Ergebnis: Wir man hier erkennt lässt sich ein RDBS als CP oder CA einordnen, wobei jede NoSQL-Datenbank mit dem PA-Prinzip funktioniert. Wie in der Definition dieses Theorems (vgl. 3.3.1) bereits erwähnt wurde, sieht man hier unterschiedliche Auslegungen des Kompromisses zwischen Konsistenz und Verfügbarkeit. Was diese verschiedenen Festlegungen für Auswirkungen haben wird im Folgenden erläutert. "
  }
  <- 201
  {
    "_index": "uploadedfiles",
    "_type": "file",
    "_id": "5",
    "_version": 1,
    "_shards": {
      "total": 2,
      "successful": 1,
      "failed": 0
    },
    "created": true
  }

DEBUG: 2015-12-28T15:57:37Z
  Request complete

